Running Gradle task 'assembleRelease'...                        
lib/features/auth/data/auth_repository.dart:42:77: Error: Can't find ')' to match '('.
      await _firestore.collection('users').doc(userCredential.user!.uid).set({
                                                                            ^
lib/features/auth/data/auth_repository.dart:9:22: Error: Can't find '}' to match '{'.
class AuthRepository {
                     ^
lib/features/auth/data/auth_repository.dart:48:5: Error: Expected ';' after this.
    }
    ^
Target kernel_snapshot_program failed: Exception


FAILURE: Build failed with an exception.

* What went wrong:
Execution failed for task ':app:compileFlutterBuildRelease'.
> Process 'command 'C:\flutter\bin\flutter.bat'' finished with non-zero exit value 1

* Try:
> Run with --stacktrace option to get the stack trace.
> Run with --info or --debug option to get more log output.
> Run with --scan to get full insights.
> Get more help at https://help.gradle.org.

BUILD FAILED in 40s
Running Gradle task 'assembleRelease'...                           41.0s
Gradle task assembleRelease failed with exit code 1
